[debug] [2019-02-19T09:28:25.268Z] ----------------------------------------------------------------------
[debug] [2019-02-19T09:28:25.270Z] Command:       /home/dyoshikawa/.anyenv/envs/ndenv/versions/11.3/bin/node /home/dyoshikawa/.anyenv/envs/ndenv/versions/11.3/bin/firebase deploy --only functions
[debug] [2019-02-19T09:28:25.270Z] CLI Version:   6.3.1
[debug] [2019-02-19T09:28:25.270Z] Platform:      linux
[debug] [2019-02-19T09:28:25.270Z] Node Version:  v11.3.0
[debug] [2019-02-19T09:28:25.275Z] Time:          Tue Feb 19 2019 18:28:25 GMT+0900 (GMT+09:00)
[debug] [2019-02-19T09:28:25.275Z] ----------------------------------------------------------------------
[debug] 
[debug] [2019-02-19T09:28:25.299Z] > command requires scopes: ["email","openid","https://www.googleapis.com/auth/cloudplatformprojects.readonly","https://www.googleapis.com/auth/firebase","https://www.googleapis.com/auth/cloud-platform"]
[debug] [2019-02-19T09:28:25.299Z] > authorizing via signed-in user
[debug] [2019-02-19T09:28:25.299Z] [iam] checking project cho-simple-kakeibo-develop for permissions ["cloudfunctions.functions.create","cloudfunctions.functions.delete","cloudfunctions.functions.get","cloudfunctions.functions.list","cloudfunctions.functions.update","cloudfunctions.operations.get","firebase.projects.get"]
[debug] [2019-02-19T09:28:25.301Z] > refreshing access token with scopes: ["email","https://www.googleapis.com/auth/cloud-platform","https://www.googleapis.com/auth/cloudplatformprojects.readonly","https://www.googleapis.com/auth/firebase","openid"]
[debug] [2019-02-19T09:28:25.301Z] >>> HTTP REQUEST POST https://www.googleapis.com/oauth2/v3/token  
 <request body omitted>
[debug] [2019-02-19T09:28:26.080Z] <<< HTTP RESPONSE 200
[debug] [2019-02-19T09:28:26.083Z] >>> HTTP REQUEST POST https://cloudresourcemanager.googleapis.com/v1/projects/cho-simple-kakeibo-develop:testIamPermissions  

[debug] [2019-02-19T09:28:27.417Z] <<< HTTP RESPONSE 200
[info] 
[info] === Deploying to 'cho-simple-kakeibo-develop'...
[info] 
[info] i  deploying functions
[info] Running command: npm --prefix "$RESOURCE_DIR" run build
[info] ✔  functions: Finished running predeploy script.
[debug] [2019-02-19T09:28:33.991Z] > [functions] package.json contents: {
  "name": "functions",
  "scripts": {
    "build": "tsc --noEmit && parcel build ./src/index.ts --target=node",
    "serve": "npm run build && firebase serve --only functions",
    "shell": "npm run build && firebase functions:shell",
    "start": "npm run shell",
    "deploy": "firebase deploy --only functions",
    "logs": "firebase functions:log",
    "clean": "rm -rf .cache dist"
  },
  "main": "dist/index.js",
  "dependencies": {
    "@types/cors": "^2.8.4",
    "cors": "^2.8.5",
    "express": "^4.16.4",
    "firebase-admin": "^7.0.0",
    "firebase-functions": "^2.2.0",
    "moment": "^2.24.0"
  },
  "devDependencies": {
    "@types/express": "^4.16.1",
    "@types/moment": "^2.13.0",
    "parcel-bundler": "^1.11.0",
    "prettier": "^1.16.4",
    "typescript": "^3.2.2"
  },
  "private": true
}
[info] i  functions: ensuring necessary APIs are enabled...
[debug] [2019-02-19T09:28:33.992Z] >>> HTTP REQUEST GET https://servicemanagement.googleapis.com/v1/services/cloudfunctions.googleapis.com/projectSettings/cho-simple-kakeibo-develop?view=CONSUMER_VIEW  
 
[debug] [2019-02-19T09:28:33.992Z] >>> HTTP REQUEST GET https://servicemanagement.googleapis.com/v1/services/runtimeconfig.googleapis.com/projectSettings/cho-simple-kakeibo-develop?view=CONSUMER_VIEW  
 
[debug] [2019-02-19T09:28:36.184Z] <<< HTTP RESPONSE 200
[debug] [2019-02-19T09:28:36.507Z] <<< HTTP RESPONSE 200
[info] ✔  functions: all necessary APIs are enabled
[debug] [2019-02-19T09:28:36.509Z] >>> HTTP REQUEST GET https://cloudresourcemanager.googleapis.com/v1/projects/cho-simple-kakeibo-develop  
 
[debug] [2019-02-19T09:28:37.740Z] <<< HTTP RESPONSE 200
[debug] [2019-02-19T09:28:37.740Z] >>> HTTP REQUEST GET https://mobilesdk-pa.googleapis.com/v1/projects/829229852981:getServerAppConfig  
 
[debug] [2019-02-19T09:28:39.148Z] <<< HTTP RESPONSE 200
[info] i  functions: preparing functions directory for uploading...
[debug] [2019-02-19T09:28:39.152Z] >>> HTTP REQUEST GET https://runtimeconfig.googleapis.com/v1beta1/projects/cho-simple-kakeibo-develop/configs  
 
[debug] [2019-02-19T09:28:41.134Z] <<< HTTP RESPONSE 200
[info] i  functions: packaged functions (133.49 KB) for uploading
[debug] [2019-02-19T09:28:41.343Z] >>> HTTP REQUEST POST https://cloudfunctions.googleapis.com/v1/projects/cho-simple-kakeibo-develop/locations/us-central1/functions:generateUploadUrl  
 
[debug] [2019-02-19T09:28:42.342Z] <<< HTTP RESPONSE 200
[debug] [2019-02-19T09:28:42.343Z] >>> HTTP REQUEST PUT https://storage.googleapis.com/gcf-upload-us-central1-daf1f0a6-1c8f-4233-be23-09e5191571da/33161270-0904-4509-8d95-67f2bd28ebba.zip?GoogleAccessId=service-829229852981@gcf-admin-robot.iam.gserviceaccount.com&Expires=1550570322&Signature=kruYWXW9P0k0lkAWDdzK1g2fLvFtQpaS9OL9TPMOii7zX2l3wBr9OBuMEagGkLDonTD95aBmlWoNzj6mV5F2ysDnelFEoK3oLzPJw4TJgxRsCpWIQIS5saBltfn04kop9GLHtjThr6kmuFvLyIcvKYKSYiSHRqcPziu0pYZSYeNkmLv2i3cYPBtSLPlmK6NaPfVi6fpK0zIpw4CjmVFXc2XfP0SRWwdxxsisse2uLz%2BlP4qw1uI3oHEQcz0M4o3QWC4yoIqyNvDEkfEpB2VBtskh2N36kZ1WM9C%2B43jSTuLqX9ZqsP4sCwvmj76ed3ItAzTiizKFjRZNtojEWrmxKA%3D%3D  

[debug] [2019-02-19T09:28:43.814Z] <<< HTTP RESPONSE 200
[info] ✔  functions: functions folder uploaded successfully
[debug] [2019-02-19T09:28:43.818Z] >>> HTTP REQUEST GET https://cloudfunctions.googleapis.com/v1/projects/cho-simple-kakeibo-develop/locations/-/functions  
 
[debug] [2019-02-19T09:28:44.633Z] <<< HTTP RESPONSE 200
[info] i  functions: creating Node.js 6 function createUserDocument(us-central1)...
[debug] [2019-02-19T09:28:44.635Z] Trigger is:  {"eventTrigger":{"resource":"projects/cho-simple-kakeibo-develop","eventType":"providers/firebase.auth/eventTypes/user.create","service":"firebaseauth.googleapis.com"}}
[info] i  functions: updating Node.js 6 function spendItems(us-central1)...
[debug] [2019-02-19T09:28:44.635Z] Trigger is:  {"httpsTrigger":{}}
[debug] [2019-02-19T09:28:44.636Z] >>> HTTP REQUEST POST https://cloudfunctions.googleapis.com/v1/projects/cho-simple-kakeibo-develop/locations/us-central1/functions  

[debug] [2019-02-19T09:28:44.636Z] >>> HTTP REQUEST PATCH https://cloudfunctions.googleapis.com/v1/projects/cho-simple-kakeibo-develop/locations/us-central1/functions/spendItems {"updateMask":"sourceUploadUrl,name,labels,httpsTrigger"} 

[debug] [2019-02-19T09:28:45.394Z] <<< HTTP RESPONSE 200
[debug] [2019-02-19T09:28:45.465Z] <<< HTTP RESPONSE 200
[debug] [2019-02-19T09:28:45.471Z] >>> HTTP REQUEST GET https://cloudfunctions.googleapis.com/v1/projects/cho-simple-kakeibo-develop/locations/-/functions  
 
[debug] [2019-02-19T09:28:46.167Z] <<< HTTP RESPONSE 200
[debug] [2019-02-19T09:28:46.170Z] >>> HTTP REQUEST GET https://cloudfunctions.googleapis.com/v1/operations/Y2hvLXNpbXBsZS1rYWtlaWJvLWRldmVsb3AvdXMtY2VudHJhbDEvY3JlYXRlVXNlckRvY3VtZW50L3V3ZTN1Z1pvOEFR  
 
[debug] [2019-02-19T09:28:46.171Z] >>> HTTP REQUEST GET https://cloudfunctions.googleapis.com/v1/operations/Y2hvLXNpbXBsZS1rYWtlaWJvLWRldmVsb3AvdXMtY2VudHJhbDEvc3BlbmRJdGVtcy9CWVNEZGUwaGZxTQ  
 
[debug] [2019-02-19T09:28:46.835Z] <<< HTTP RESPONSE 200
[debug] [2019-02-19T09:28:46.846Z] <<< HTTP RESPONSE 200
[debug] [2019-02-19T09:28:48.841Z] >>> HTTP REQUEST GET https://cloudfunctions.googleapis.com/v1/operations/Y2hvLXNpbXBsZS1rYWtlaWJvLWRldmVsb3AvdXMtY2VudHJhbDEvc3BlbmRJdGVtcy9CWVNEZGUwaGZxTQ  
 
[debug] [2019-02-19T09:28:48.847Z] >>> HTTP REQUEST GET https://cloudfunctions.googleapis.com/v1/operations/Y2hvLXNpbXBsZS1rYWtlaWJvLWRldmVsb3AvdXMtY2VudHJhbDEvY3JlYXRlVXNlckRvY3VtZW50L3V3ZTN1Z1pvOEFR  
 
[debug] [2019-02-19T09:28:49.588Z] <<< HTTP RESPONSE 200
[debug] [2019-02-19T09:28:49.593Z] <<< HTTP RESPONSE 200
[debug] [2019-02-19T09:28:51.590Z] >>> HTTP REQUEST GET https://cloudfunctions.googleapis.com/v1/operations/Y2hvLXNpbXBsZS1rYWtlaWJvLWRldmVsb3AvdXMtY2VudHJhbDEvc3BlbmRJdGVtcy9CWVNEZGUwaGZxTQ  
 
[debug] [2019-02-19T09:28:51.594Z] >>> HTTP REQUEST GET https://cloudfunctions.googleapis.com/v1/operations/Y2hvLXNpbXBsZS1rYWtlaWJvLWRldmVsb3AvdXMtY2VudHJhbDEvY3JlYXRlVXNlckRvY3VtZW50L3V3ZTN1Z1pvOEFR  
 
[debug] [2019-02-19T09:28:52.170Z] <<< HTTP RESPONSE 200
[debug] [2019-02-19T09:28:52.176Z] <<< HTTP RESPONSE 200
[debug] [2019-02-19T09:28:54.173Z] >>> HTTP REQUEST GET https://cloudfunctions.googleapis.com/v1/operations/Y2hvLXNpbXBsZS1rYWtlaWJvLWRldmVsb3AvdXMtY2VudHJhbDEvc3BlbmRJdGVtcy9CWVNEZGUwaGZxTQ  
 
[debug] [2019-02-19T09:28:54.177Z] >>> HTTP REQUEST GET https://cloudfunctions.googleapis.com/v1/operations/Y2hvLXNpbXBsZS1rYWtlaWJvLWRldmVsb3AvdXMtY2VudHJhbDEvY3JlYXRlVXNlckRvY3VtZW50L3V3ZTN1Z1pvOEFR  
 
[debug] [2019-02-19T09:28:54.774Z] <<< HTTP RESPONSE 200
[debug] [2019-02-19T09:28:54.786Z] <<< HTTP RESPONSE 200
[debug] [2019-02-19T09:28:56.777Z] >>> HTTP REQUEST GET https://cloudfunctions.googleapis.com/v1/operations/Y2hvLXNpbXBsZS1rYWtlaWJvLWRldmVsb3AvdXMtY2VudHJhbDEvY3JlYXRlVXNlckRvY3VtZW50L3V3ZTN1Z1pvOEFR  
 
[debug] [2019-02-19T09:28:56.787Z] >>> HTTP REQUEST GET https://cloudfunctions.googleapis.com/v1/operations/Y2hvLXNpbXBsZS1rYWtlaWJvLWRldmVsb3AvdXMtY2VudHJhbDEvc3BlbmRJdGVtcy9CWVNEZGUwaGZxTQ  
 
[debug] [2019-02-19T09:28:57.276Z] <<< HTTP RESPONSE 200
[debug] [2019-02-19T09:28:57.283Z] <<< HTTP RESPONSE 200
[debug] [2019-02-19T09:28:59.279Z] >>> HTTP REQUEST GET https://cloudfunctions.googleapis.com/v1/operations/Y2hvLXNpbXBsZS1rYWtlaWJvLWRldmVsb3AvdXMtY2VudHJhbDEvc3BlbmRJdGVtcy9CWVNEZGUwaGZxTQ  
 
[debug] [2019-02-19T09:28:59.284Z] >>> HTTP REQUEST GET https://cloudfunctions.googleapis.com/v1/operations/Y2hvLXNpbXBsZS1rYWtlaWJvLWRldmVsb3AvdXMtY2VudHJhbDEvY3JlYXRlVXNlckRvY3VtZW50L3V3ZTN1Z1pvOEFR  
 
[debug] [2019-02-19T09:28:59.922Z] <<< HTTP RESPONSE 200
[debug] [2019-02-19T09:28:59.924Z] <<< HTTP RESPONSE 200
[debug] [2019-02-19T09:29:01.925Z] >>> HTTP REQUEST GET https://cloudfunctions.googleapis.com/v1/operations/Y2hvLXNpbXBsZS1rYWtlaWJvLWRldmVsb3AvdXMtY2VudHJhbDEvc3BlbmRJdGVtcy9CWVNEZGUwaGZxTQ  
 
[debug] [2019-02-19T09:29:01.927Z] >>> HTTP REQUEST GET https://cloudfunctions.googleapis.com/v1/operations/Y2hvLXNpbXBsZS1rYWtlaWJvLWRldmVsb3AvdXMtY2VudHJhbDEvY3JlYXRlVXNlckRvY3VtZW50L3V3ZTN1Z1pvOEFR  
 
[debug] [2019-02-19T09:29:02.552Z] <<< HTTP RESPONSE 200
[debug] [2019-02-19T09:29:02.572Z] <<< HTTP RESPONSE 200
[debug] [2019-02-19T09:29:04.555Z] >>> HTTP REQUEST GET https://cloudfunctions.googleapis.com/v1/operations/Y2hvLXNpbXBsZS1rYWtlaWJvLWRldmVsb3AvdXMtY2VudHJhbDEvc3BlbmRJdGVtcy9CWVNEZGUwaGZxTQ  
 
[debug] [2019-02-19T09:29:04.573Z] >>> HTTP REQUEST GET https://cloudfunctions.googleapis.com/v1/operations/Y2hvLXNpbXBsZS1rYWtlaWJvLWRldmVsb3AvdXMtY2VudHJhbDEvY3JlYXRlVXNlckRvY3VtZW50L3V3ZTN1Z1pvOEFR  
 
[debug] [2019-02-19T09:29:05.086Z] <<< HTTP RESPONSE 200
[debug] [2019-02-19T09:29:05.115Z] <<< HTTP RESPONSE 200
[debug] [2019-02-19T09:29:07.089Z] >>> HTTP REQUEST GET https://cloudfunctions.googleapis.com/v1/operations/Y2hvLXNpbXBsZS1rYWtlaWJvLWRldmVsb3AvdXMtY2VudHJhbDEvc3BlbmRJdGVtcy9CWVNEZGUwaGZxTQ  
 
[debug] [2019-02-19T09:29:07.116Z] >>> HTTP REQUEST GET https://cloudfunctions.googleapis.com/v1/operations/Y2hvLXNpbXBsZS1rYWtlaWJvLWRldmVsb3AvdXMtY2VudHJhbDEvY3JlYXRlVXNlckRvY3VtZW50L3V3ZTN1Z1pvOEFR  
 
[debug] [2019-02-19T09:29:07.817Z] <<< HTTP RESPONSE 200
[debug] [2019-02-19T09:29:07.830Z] <<< HTTP RESPONSE 200
